<?xml version="1.0" encoding="UTF-8"?>
<!-- Generated by org.testng.reporters.JUnitReportReporter -->
<testsuite hostname="PromoStudio21" failures="0" tests="1" name="cucumberOptions.TestNgTestRunner" time="0.205" errors="0" timestamp="2022-06-20T11:16:53 PDT" skipped="0">
  <testcase classname="cucumberOptions.TestNgTestRunner" name="runScenario" time="0.205"/>
  <system-out/>
</testsuite> <!-- cucumberOptions.TestNgTestRunner -->
